<?xml version="1.0" encoding="UTF-8"?>
<!-- Generated by org.testng.reporters.JUnitReportReporter -->
<testsuite hostname="DESKTOP-FNF69NB" name="runner.RunCuke" tests="2" failures="0" timestamp="27 Nov 2017 16:46:25 GMT" time="0.535" errors="0">
  <testcase name="feature" time="0.441" classname="runner.RunCuke"/>
  <testcase name="feature" time="0.094" classname="runner.RunCuke"/>
</testsuite> <!-- runner.RunCuke -->
